A51 MACRO ASSEMBLER  LOGICAL_AND                                                          04/12/2025 09:39:54 PAGE     1


MACRO ASSEMBLER A51 V8.2.7.0
OBJECT MODULE PLACED IN .\Objects\LOGICAL_AND.obj
ASSEMBLER INVOKED BY: C:\Keil_v5\C51\BIN\A51.EXE LOGICAL_AND.a51 SET(SMALL) DEBUG PRINT(.\Listings\LOGICAL_AND.lst) OBJE
                      CT(.\Objects\LOGICAL_AND.obj) EP

LOC  OBJ            LINE     SOURCE

0000                   1     ORG 0000H
                       2             
0000                   3             MAIN:
0000 78AE              4             MOV R0,#0AEH
0002 79D0              5             MOV R1,#0D0H
0004 E8                6             MOV A, R0
0005 59                7             ANL A, R1
0006 F5A0              8             MOV P2, A
                       9             
0008                  10             LOOP:
0008 80FE             11             SJMP LOOP
                      12             END 
                                     
A51 MACRO ASSEMBLER  LOGICAL_AND                                                          04/12/2025 09:39:54 PAGE     2

SYMBOL TABLE LISTING
------ ----- -------


N A M E             T Y P E  V A L U E   ATTRIBUTES

LOOP . . . . . . .  C ADDR   0008H   A   
MAIN . . . . . . .  C ADDR   0000H   A   
P2 . . . . . . . .  D ADDR   00A0H   A   


REGISTER BANK(S) USED: 0 


ASSEMBLY COMPLETE.  0 WARNING(S), 0 ERROR(S)
